Time is: 2019-03-21 03:11:25.090408 - Database\world\world.sql
Time is: 2019-03-21 03:11:45.503539 - Database/world/world.sql
Time is: 2019-03-21 03:12:08.950802 - Database/world/world.sql
Time is: 2019-03-21 03:12:56.128018 - world
Time is: 2019-03-21 03:13:10.427633 - world.sql
Time is: 2019-03-21 03:13:16.429286 - world
Time is: 2019-03-21 04:23:16.659254 - world
Time is: 2019-03-21 04:25:10.664245 - world
Time is: 2019-03-21 04:44:05.086357 - world
Time is: 2019-03-21 04:47:35.726782 - world
Time is: 2019-03-21 04:48:38.789000 - world
Time is: 2019-03-21 04:49:17.663408 - world
Time is: 2019-03-21 04:51:14.256694 - world
Time is: 2019-03-21 04:51:31.601324 - world
Time is: 2019-03-21 04:51:49.025480 - world
Time is: 2019-03-21 04:52:09.970429 - world
Time is: 2019-03-21 04:56:59.725353 - world
Time is: 2019-03-21 04:57:23.506604 - world
Time is: 2019-03-21 04:58:38.412682 - world
Time is: 2019-03-21 05:01:22.907403 - world
Time is: 2019-03-21 05:01:51.451253 - world
Time is: 2019-03-21 05:03:10.916758 - world
Time is: 2019-03-21 05:07:31.324693 - world
Time is: 2019-03-21 05:07:53.271800 - world
Time is: 2019-03-21 05:08:13.193532 - world
Time is: 2019-03-21 05:12:30.359515 - world
Time is: 2019-03-21 05:13:02.943885 - world
Time is: 2019-03-21 05:16:47.078676 - world
Time is: 2019-03-21 05:25:53.397392 - world
Time is: 2019-03-21 06:51:44.577265 - world
Time is: 2019-03-21 06:52:14.139930 - world
Time is: 2019-03-21 06:53:47.977342 - world
Time is: 2019-03-21 06:56:39.647157 - world
Time is: 2019-03-21 06:56:55.598820 - world
Time is: 2019-03-21 06:57:02.718824 - world
Time is: 2019-03-21 06:57:13.311899 - world
Time is: 2019-03-21 06:57:54.436315 - world
Time is: 2019-03-21 06:59:32.598442 - world
Time is: 2019-03-21 06:59:45.812002 - world
Time is: 2019-03-21 07:00:13.342612 - world
Time is: 2019-03-21 07:00:30.896103 - world
Time is: 2019-03-21 07:19:13.214500 - world
Time is: 2019-03-21 07:19:42.890140 - world
Time is: 2019-03-21 07:20:58.539237 - world
Time is: 2019-03-21 07:22:39.976695 - world
Time is: 2019-03-21 07:22:52.362039 - world
Time is: 2019-03-21 07:23:24.979578 - world
Time is: 2019-03-21 07:24:00.226942 - world
Time is: 2019-03-21 07:25:20.958095 - world
Time is: 2019-03-21 07:25:35.952371 - world
Time is: 2019-03-21 07:25:57.910144 - world
Time is: 2019-03-21 07:26:34.820366 - world
Time is: 2019-03-21 07:26:41.843379 - world
Time is: 2019-03-21 07:26:51.757306 - world
Time is: 2019-03-21 07:27:08.726192 - world
Time is: 2019-03-21 07:27:13.772856 - world
Time is: 2019-03-21 07:29:54.710684 - worlddb
Time is: 2019-03-21 07:30:25.408480 - worlddb
Time is: 2019-03-21 07:32:27.272133 - countryInfo
Time is: 2019-03-21 07:47:09.630708 - countryInfo
Time is: 2019-03-21 07:48:21.531773 - countryInfo
Time is: 2019-03-21 07:49:01.001972 - countryInfo
Time is: 2019-03-21 09:29:46.786861 - countryInfo
Time is: 2019-03-21 09:29:54.408182 - countryInfo
Time is: 2019-03-21 09:30:10.925299 - worlddb
Time is: 2019-03-21 09:30:33.332935 - countryInfo
Time is: 2019-03-21 09:31:16.223657 - countryInfo
Time is: 2019-03-21 09:31:20.013276 - countryInfo
Time is: 2019-03-21 09:31:44.866036 - countryInfo
Time is: 2019-03-21 09:32:02.717827 - countryInfo
Time is: 2019-03-21 09:34:03.398590 - countryInfo
Time is: 2019-03-21 09:34:47.902577 - countryInfo
Time is: 2019-03-21 09:36:01.475268 - countryInfo
Time is: 2019-03-21 09:36:22.955948 - world
Time is: 2019-03-21 09:38:26.780834 - world
Time is: 2019-03-21 09:38:52.643961 - world
Time is: 2019-03-21 09:39:31.459784 - world
Time is: 2019-03-21 09:45:29.232623 - world
Time is: 2019-03-21 09:47:36.817270 - world
Time is: 2019-03-21 09:48:00.592862 - world
Time is: 2019-03-21 09:48:27.327015 - world
Time is: 2019-03-21 09:49:04.630191 - world
Time is: 2019-03-21 09:49:17.448583 - world
Time is: 2019-03-21 09:49:22.893721 - world
Time is: 2019-03-21 09:49:58.502397 - world
Time is: 2019-03-21 09:50:15.588760 - world
Time is: 2019-03-21 09:52:04.732651 - world
Time is: 2019-03-21 09:52:29.751952 - world
Time is: 2019-03-21 09:52:40.591995 - world
Time is: 2019-03-21 10:24:07.501523 - world
Time is: 2019-03-21 10:29:30.841488 - world
Time is: 2019-03-21 11:01:43.489363 - world
Time is: 2019-03-21 11:21:52.555313 - world
Time is: 2019-03-21 11:22:23.460625 - world
Time is: 2019-03-21 11:22:58.725272 - world
Time is: 2019-03-21 11:23:50.692580 - world
Time is: 2019-03-21 11:24:25.019707 - world
Time is: 2019-03-21 11:24:38.191126 - world
Time is: 2019-03-21 11:24:52.503198 - world
Time is: 2019-03-21 11:25:20.189938 - world
Time is: 2019-03-21 11:26:03.485538 - world
Time is: 2019-03-21 11:26:20.828986 - world
Time is: 2019-03-21 11:26:48.984548 - world
Time is: 2019-03-21 11:27:17.936733 - world
Time is: 2019-03-21 11:28:16.045273 - world
Time is: 2019-03-21 11:28:51.716300 - world
Time is: 2019-03-21 11:29:29.582100 - world
Time is: 2019-03-21 11:30:07.665920 - world
Time is: 2019-03-21 11:30:26.852978 - world
Time is: 2019-03-21 11:33:46.391622 - world
Time is: 2019-03-21 11:34:06.547174 - world
Time is: 2019-03-21 11:34:30.015202 - world
Time is: 2019-03-21 11:34:41.108568 - world
Time is: 2019-03-21 11:34:51.764449 - world
Time is: 2019-03-21 11:35:02.482828 - world
Time is: 2019-03-21 11:35:10.498273 - world
Time is: 2019-03-21 11:35:30.857220 - world
Time is: 2019-03-21 11:35:43.497409 - world
Time is: 2019-03-21 11:35:51.340887 - world
Time is: 2019-03-21 11:36:17.308830 - world
Time is: 2019-03-21 11:36:35.730249 - world
Time is: 2019-03-21 11:36:49.964260 - world
Time is: 2019-03-21 11:36:56.620279 - world
Time is: 2019-03-21 11:38:41.976540 - world
Time is: 2019-03-21 11:38:52.398054 - world
Time is: 2019-03-21 11:39:02.741443 - world
Time is: 2019-03-21 11:45:20.605333 - world
Time is: 2019-03-21 11:45:30.479991 - world
Time is: 2019-03-21 11:46:47.149435 - world
Time is: 2019-03-21 11:47:26.210648 - world
Time is: 2019-04-09 06:14:52.006956 - worlddb
Time is: 2019-04-09 06:16:34.318410 - countryinfo
Time is: 2019-04-09 06:16:56.723873 - countryinfo
Time is: 2019-04-09 06:17:35.597511 - countryinfo
Time is: 2019-04-09 06:17:46.565876 - countryinfo
Time is: 2019-04-16 05:09:55.337636 - countryinfo
Time is: 2019-04-16 05:11:03.419805 - countryinfo
Time is: 2019-04-16 05:11:32.601409 - countryinfo
Time is: 2019-04-16 05:11:47.835255 - countryinfo
Time is: 2019-04-16 05:12:03.412838 - countryinfo
Time is: 2019-04-16 05:12:16.756128 - countryinfo
Time is: 2019-04-16 06:09:33.011031 - countryinfo
Time is: 2019-04-16 06:27:35.572989 - countryinfo
Time is: 2019-04-18 08:18:36.399548 - countryinfo
Time is: 2019-04-18 08:18:46.605635 - countryinfo
Time is: 2019-04-18 08:21:42.608553 - countryinfo
Time is: 2019-04-18 08:23:34.908272 - countryinfo
Time is: 2019-04-18 08:25:27.182860 - countryinfo
Time is: 2019-04-18 08:27:16.940390 - worlddb
Time is: 2019-04-18 10:37:00.898654 - worlddb
Time is: 2019-04-18 10:39:46.502729 - worlddb
Time is: 2019-04-18 10:41:34.445121 - worlddb
Time is: 2019-04-18 10:41:39.899870 - worlddb
Time is: 2019-04-18 10:42:10.578863 - worlddb
Time is: 2019-04-18 10:42:18.460774 - worlddb
Time is: 2019-04-18 10:42:33.421364 - worlddb
Time is: 2019-04-18 10:49:44.284172 - worlddb
Time is: 2019-04-18 10:55:10.088230 - worlddb
Time is: 2019-04-18 10:55:43.863989 - worlddb
Time is: 2019-04-18 10:58:02.779826 - worlddb
Time is: 2019-04-18 11:01:19.598671 - countryInfo
Time is: 2019-04-18 11:03:34.329156 - countryInfo
Time is: 2019-04-18 11:04:35.500319 - countryInfo
Time is: 2019-04-29 17:21:34.165774 - countryinfo
Time is: 2019-04-29 17:34:02.101176 - countryinfo
Time is: 2019-04-29 17:37:13.302815 - countryinfo
Time is: 2019-04-29 17:38:16.599418 - countryinfo
Time is: 2019-04-29 17:40:43.351398 - countryinfo
Time is: 2019-04-29 17:41:11.694660 - worlddb
Time is: 2019-04-29 17:42:35.070623 - worlddb
Time is: 2019-04-29 17:44:49.256792 - worlddb
Time is: 2019-04-29 17:45:04.488925 - worlddb
Time is: 2019-04-29 17:45:13.379242 - worlddb
Time is: 2019-04-29 18:43:53.116587 - worlddb
Time is: 2019-04-29 18:44:26.360064 - worlddb
Time is: 2019-04-29 18:45:06.044199 - countryinfo
Time is: 2019-04-30 10:12:41.071352 - countryinfo
Time is: 2019-04-30 10:16:29.694749 - countryinfo
Time is: 2019-04-30 10:19:55.128958 - countryinfo
Time is: 2019-04-30 10:21:19.396373 - countryinfo
Time is: 2019-04-30 10:21:52.538343 - countryinfo
Time is: 2019-04-30 10:24:20.105929 - countryinfo
Time is: 2019-04-30 10:25:36.258664 - countryinfo
Time is: 2019-04-30 10:25:49.914336 - countryinfo
Time is: 2019-04-30 10:26:15.606793 - countryinfo
Time is: 2019-04-30 10:26:47.879590 - countryinfo
Time is: 2019-04-30 10:27:39.061999 - countryinfo
Time is: 2019-04-30 10:30:43.497603 - countryinfo
Time is: 2019-04-30 10:34:42.778249 - countryinfo
Time is: 2019-05-01 14:10:07.077939 - countryinfo
Time is: 2019-05-01 14:10:32.442090 - countryinfo
Time is: 2019-05-01 14:11:14.542991 - countryinfo
Time is: 2019-05-01 14:22:27.856100 - countryinfo
Time is: 2019-05-01 14:22:38.239465 - countryInfo
Time is: 2019-05-01 14:22:55.621334 - world
Time is: 2019-05-01 14:25:52.505371 - world
Time is: 2019-05-01 14:26:10.967988 - world
Time is: 2019-05-01 14:33:25.371860 - world
Time is: 2019-05-01 14:35:51.314321 - world
Time is: 2019-05-01 14:36:19.842936 - world
Time is: 2019-05-01 14:37:13.788188 - world
Time is: 2019-05-01 14:39:46.139103 - world
Time is: 2019-05-01 14:40:55.695899 - world
Time is: 2019-05-01 14:42:40.804824 - world
Time is: 2019-05-01 14:42:58.896508 - world
Time is: 2019-05-01 14:43:09.917166 - world
Time is: 2019-05-01 14:44:13.465887 - world
Time is: 2019-05-01 14:44:31.906901 - world
Time is: 2019-05-01 14:45:18.639340 - world
Time is: 2019-05-01 14:45:59.562749 - world
Time is: 2019-05-01 14:59:24.061854 - world
Time is: 2019-05-01 18:01:07.281437 - world
Time is: 2019-05-01 18:05:06.849015 - world
Time is: 2019-05-01 18:07:05.938173 - world
Time is: 2019-05-01 18:09:37.715524 - world
Time is: 2019-05-01 18:13:44.476281 - world
Time is: 2019-05-01 19:47:44.858172 - world
Time is: 2019-05-01 20:22:30.972444 - world
Time is: 2019-05-01 20:33:20.450662 - world
Time is: 2019-05-01 20:33:55.419570 - world
Time is: 2019-05-01 20:34:20.845933 - world
Time is: 2019-05-01 20:34:35.652546 - world
Time is: 2019-05-01 20:34:51.572811 - world
Time is: 2019-05-01 20:37:02.225859 - world
Time is: 2019-05-01 20:37:19.671901 - world
Time is: 2019-05-01 20:37:46.175399 - world
Time is: 2019-05-01 20:39:18.807838 - world
Time is: 2019-05-01 20:39:57.727865 - world
Time is: 2019-05-01 20:43:31.963405 - world
Time is: 2019-05-01 20:54:04.150346 - world
Time is: 2019-05-01 20:54:37.869270 - world
Time is: 2019-05-01 20:54:44.935347 - world
Time is: 2019-05-01 20:55:48.258814 - world
Time is: 2019-05-01 20:56:42.874083 - world
Time is: 2019-05-01 21:02:28.426094 - world
Time is: 2019-05-01 21:07:59.607670 - world
Time is: 2019-05-01 21:12:46.489448 - world
Time is: 2019-05-01 21:13:42.045470 - world
Time is: 2019-05-01 21:14:03.831268 - world
Time is: 2019-05-01 21:14:28.414445 - world
Time is: 2019-05-01 21:16:43.455392 - world
Time is: 2019-05-01 21:19:30.654849 - world
Time is: 2019-05-01 21:19:40.741201 - world
Time is: 2019-05-01 21:47:22.683067 - world
Time is: 2019-05-01 21:48:09.941305 - world
Time is: 2019-05-01 21:48:17.849759 - world
Time is: 2019-05-01 22:17:14.146120 - world
Time is: 2019-05-01 22:22:59.941837 - world
Time is: 2019-05-01 22:23:23.033910 - world
Time is: 2019-05-01 22:23:49.118738 - world
Time is: 2019-05-01 22:25:40.497913 - world
Time is: 2019-05-01 22:26:25.826432 - world
Time is: 2019-05-01 22:27:04.309675 - world
Time is: 2019-05-01 22:29:42.017894 - world
Time is: 2019-05-01 22:30:50.388453 - world
Time is: 2019-05-01 22:36:46.265876 - world
Time is: 2019-05-01 22:37:07.416993 - world
Time is: 2019-05-01 22:37:21.016110 - world
Time is: 2019-05-01 22:40:49.154570 - world
Time is: 2019-05-01 22:41:09.301881 - world
Time is: 2019-05-01 22:43:17.190102 - world
Time is: 2019-05-01 22:44:49.790220 - world
Time is: 2019-05-01 22:45:09.956380 - world
Time is: 2019-05-01 22:46:04.730450 - world
Time is: 2019-05-01 22:46:40.710750 - world
Time is: 2019-05-02 00:05:30.893012 - world
Time is: 2019-05-02 00:06:54.722943 - world
Time is: 2019-05-02 00:07:05.093703 - countryInfo
Time is: 2019-05-02 00:07:57.948175 - countryInfo
Time is: 2019-05-02 00:18:28.559797 - countryInfo
Time is: 2019-05-02 00:18:55.262940 - countryInfo
Time is: 2019-05-02 00:20:38.897161 - countryInfo
Time is: 2019-05-02 01:14:10.063256 - countryInfo
Time is: 2019-05-02 01:23:14.273593 - countryInfo
Time is: 2019-05-02 01:25:25.327551 - countryInfo
Time is: 2019-05-02 01:25:48.029334 - countryInfo
Time is: 2019-05-02 01:26:24.792502 - world
Time is: 2019-05-02 01:27:50.859345 - world
Time is: 2019-05-02 01:28:34.217315 - world
Time is: 2019-05-02 01:29:53.831839 - world
Time is: 2019-05-02 01:30:12.910630 - world
Time is: 2019-05-02 01:30:24.782769 - world
Time is: 2019-05-02 01:30:48.527953 - world
Time is: 2019-05-02 01:31:21.940144 - world
Time is: 2019-05-02 01:31:33.007507 - world
Time is: 2019-05-02 01:31:55.125777 - world
Time is: 2019-05-02 01:32:09.496726 - world
Time is: 2019-05-02 01:32:33.230957 - world
Time is: 2019-05-02 01:33:00.128585 - world
Time is: 2019-05-02 01:33:14.347504 - world
Time is: 2019-05-02 01:33:27.631709 - world
Time is: 2019-05-02 01:33:40.179863 - world
Time is: 2019-05-02 01:33:49.811622 - world
Time is: 2019-05-02 01:35:47.179176 - world
Time is: 2019-05-02 01:36:03.917849 - world
Time is: 2019-05-02 01:36:17.334817 - world
Time is: 2019-05-02 01:36:29.972651 - world
Time is: 2019-05-02 01:36:53.917597 - world
Time is: 2019-05-02 01:37:03.244352 - world
Time is: 2019-05-02 01:38:10.761435 - world
Time is: 2019-05-02 01:38:16.042898 - world
Time is: 2019-05-02 01:38:23.907034 - world
Time is: 2019-05-02 01:38:42.112900 - world
Time is: 2019-05-02 01:41:38.423236 - world
Time is: 2019-05-02 01:41:57.578457 - world
Time is: 2019-05-02 01:50:06.851014 - world
Time is: 2019-05-02 01:50:55.082674 - world
Time is: 2019-05-02 01:51:11.446446 - world
Time is: 2019-05-02 01:51:41.936631 - world
Time is: 2019-05-02 01:51:50.244604 - world
Time is: 2019-05-02 02:05:44.270136 - world
Time is: 2019-05-02 02:12:35.535769 - world
Time is: 2019-05-02 02:13:05.381074 - world
Time is: 2019-05-02 02:13:26.217636 - world
Time is: 2019-05-02 02:14:01.250488 - world
Time is: 2019-05-02 02:14:33.427412 - world
Time is: 2019-05-02 02:15:35.243364 - world
Time is: 2019-05-02 02:15:44.426801 - world
Time is: 2019-05-02 02:18:08.701579 - world
Time is: 2019-05-02 02:18:35.030667 - world
Time is: 2019-05-02 02:19:23.697745 - world
Time is: 2019-05-02 02:19:37.641454 - world
Time is: 2019-05-02 02:19:45.778145 - world
Time is: 2019-05-02 02:20:02.623640 - world
Time is: 2019-05-02 02:28:07.376295 - world
Time is: 2019-05-02 02:29:03.430487 - world
Time is: 2019-05-02 02:29:29.822964 - world
Time is: 2019-05-02 02:29:57.937037 - world
Time is: 2019-05-02 02:31:58.900440 - world
Time is: 2019-05-02 02:36:41.935456 - world
Time is: 2019-05-02 02:36:58.033559 - world
Time is: 2019-05-02 02:55:26.004048 - world
Time is: 2019-05-02 02:55:57.561312 - world
Time is: 2019-05-02 02:56:29.870531 - world
Time is: 2019-05-02 03:23:36.439606 - world
Time is: 2019-05-02 03:29:13.706038 - world
Time is: 2019-05-02 03:29:33.539674 - world
Time is: 2019-05-02 03:31:57.268109 - world
Time is: 2019-05-02 08:22:24.069218 - coountryInfo
Time is: 2019-05-02 08:23:00.975401 - countryInfo
Time is: 2019-05-02 08:23:19.521851 - countryInfo
Time is: 2019-05-02 08:25:54.098412 - countryInfo
Time is: 2019-05-02 08:30:09.242549 - countryInfo
Time is: 2019-05-02 08:30:15.304939 - countryInfo
Time is: 2019-05-02 08:30:25.268818 - countryInfo
Time is: 2019-05-02 08:31:36.675624 - countryInfo
Time is: 2019-05-02 08:33:35.195131 - countryInfo
Time is: 2019-05-02 08:34:00.760333 - countryInfo
Time is: 2019-05-02 08:35:21.712033 - countryInfo
Time is: 2019-05-02 08:37:40.550836 - countryInfo
Time is: 2019-05-02 08:37:57.743398 - countryInfo
Time is: 2019-05-02 08:45:03.178891 - countryInfo
Time is: 2019-05-02 08:45:18.444086 - countryInfo
Time is: 2019-05-02 08:47:04.553436 - countryInfo
Time is: 2019-05-02 08:47:22.850279 - countryInfo
Time is: 2019-05-02 08:48:33.982046 - countryInfo
Time is: 2019-05-02 08:50:05.803576 - countryInfo
Time is: 2019-05-02 09:05:55.694373 - countryInfo
Time is: 2019-05-02 09:06:03.334732 - countryInfo
Time is: 2019-05-02 09:06:09.975129 - countryInfo
Time is: 2019-05-02 09:06:33.127326 - countryInfo
Time is: 2019-05-02 09:06:40.463089 - countryInfo
Time is: 2019-05-02 09:06:54.444018 - countryInfo
Time is: 2019-05-02 09:07:21.271213 - countryInfo
Time is: 2019-05-02 09:07:31.020877 - countryInfo
Time is: 2019-05-02 09:08:23.258911 - countryInfo
Time is: 2019-05-02 09:08:26.555672 - countryInfo
Time is: 2019-05-02 09:08:36.945937 - countryInfo
Time is: 2019-05-02 09:08:56.287736 - countryInfo
Time is: 2019-05-02 09:09:01.365685 - countryInfo
Time is: 2019-05-02 09:09:24.833561 - countryInfo
Time is: 2019-05-02 09:09:31.520831 - countryInfo
Time is: 2019-05-02 09:15:48.116393 - countryInfo
Time is: 2019-05-02 09:16:03.456855 - countryInfo
Time is: 2019-05-02 09:17:56.669206 - countryInfo
Time is: 2019-05-02 09:18:04.019582 - countryInfo
Time is: 2019-05-02 09:18:32.924920 - countryInfo
Time is: 2019-05-02 09:19:03.007259 - countryInfo
Time is: 2019-05-02 09:19:24.825845 - countryInfo
Time is: 2019-05-02 09:20:31.482890 - countryInfo
Time is: 2019-05-02 09:24:16.080288 - countryInfo
Time is: 2019-05-02 09:24:41.490258 - countryInfo
Time is: 2019-05-02 09:26:20.955392 - countryInfo
Time is: 2019-05-02 09:26:43.961344 - countryInfo
Time is: 2019-05-02 09:28:09.196062 - countryInfo
Time is: 2019-05-02 09:30:09.019585 - countryInfo
Time is: 2019-05-02 09:30:28.010935 - countryInfo
Time is: 2019-05-02 09:31:09.008705 - countryInfo
Time is: 2019-05-02 09:31:36.167471 - countryInfo
Time is: 2019-05-02 09:31:47.436741 - countryInfo
Time is: 2019-05-02 09:32:03.963921 - countryInfo
Time is: 2019-05-02 09:32:16.900105 - countryInfo
Time is: 2019-05-02 09:32:29.744267 - countryInfo
Time is: 2019-05-02 09:32:35.350591 - countryInfo
Time is: 2019-05-02 09:37:11.496745 - countryInfo
Time is: 2019-05-02 09:37:49.645853 - countryInfo
Time is: 2019-05-02 09:38:47.425235 - countryInfo
Time is: 2019-05-02 09:39:12.821823 - countryInfo
Time is: 2019-05-02 09:41:31.158916 - countryInfo
Time is: 2019-05-02 09:41:56.955414 - countryInfo
Time is: 2019-05-02 09:43:08.762243 - countryInfo
Time is: 2019-05-02 09:44:02.898744 - countryInfo
Time is: 2019-05-02 09:44:30.178648 - countryInfo
Time is: 2019-05-02 09:44:56.542985 - countryInfo
Time is: 2019-05-02 09:48:51.663673 - countryInfo
Time is: 2019-05-02 09:50:08.385457 - countryInfo
Time is: 2019-05-02 09:50:42.164121 - countryInfo
Time is: 2019-05-02 09:50:58.383352 - countryInfo
Time is: 2019-05-02 09:51:42.398675 - countryInfo
Time is: 2019-05-02 09:55:46.417314 - countryInfo
Time is: 2019-05-02 09:56:13.761525 - countryInfo
Time is: 2019-05-02 09:56:40.773834 - countryInfo
Time is: 2019-05-02 09:58:03.761157 - countryInfo
Time is: 2019-05-02 09:58:22.311721 - countryInfo
Time is: 2019-05-02 09:58:36.483482 - countryInfo
Time is: 2019-05-02 09:59:03.363598 - countryInfo
Time is: 2019-05-02 09:59:53.480794 - countryInfo
Time is: 2019-05-02 10:00:28.527581 - countryInfo
Time is: 2019-05-02 10:00:50.841094 - countryInfo
Time is: 2019-05-02 10:02:24.123294 - countryInfo
Time is: 2019-05-02 10:03:12.914083 - countryInfo
Time is: 2019-05-02 10:03:50.847559 - countryInfo
Time is: 2019-05-02 10:06:05.969974 - countryInfo
Time is: 2019-05-02 10:06:58.897269 - countryInfo
Time is: 2019-05-02 10:07:11.875679 - countryInfo
Time is: 2019-05-02 10:07:20.408611 - countryInfo
Time is: 2019-05-02 10:13:35.792899 - countryInfo
Time is: 2019-05-02 10:14:06.849812 - countryInfo
Time is: 2019-05-02 10:16:15.501438 - countryInfo
Time is: 2019-05-02 10:16:24.538072 - countryInfo
Time is: 2019-05-02 10:16:30.424786 - countryInfo
Time is: 2019-05-02 10:17:42.314062 - countryInfo
Time is: 2019-05-02 10:18:53.756156 - countryInfo
Time is: 2019-05-02 10:20:00.063151 - countryInfo
Time is: 2019-05-02 10:20:42.920160 - countryInfo
Time is: 2019-05-02 10:21:30.243237 - countryInfo
Time is: 2019-05-02 10:22:16.840917 - countryInfo
Time is: 2019-05-02 10:27:41.488664 - countryInfo
Time is: 2019-05-02 10:27:56.132901 - countryInfo
Time is: 2019-05-02 10:28:11.161873 - countryInfo
Time is: 2019-05-02 10:28:49.566547 - countryInfo
Time is: 2019-05-02 10:29:03.128094 - countryInfo
Time is: 2019-05-02 10:29:54.120513 - countryInfo
Time is: 2019-05-02 10:30:11.294910 - countryInfo
Time is: 2019-05-02 10:30:21.412259 - countryInfo
Time is: 2019-05-02 11:01:52.563914 - countryInfo
Time is: 2019-05-02 11:06:14.766477 - worlddb
Time is: 2019-05-02 11:06:24.266240 - worlddb
Time is: 2019-05-02 11:07:23.563824 - worlddb
Time is: 2019-05-02 11:07:29.704331 - worlddb
Time is: 2019-05-02 11:07:35.142209 - worlddb
Time is: 2019-05-02 11:09:21.016786 - worlddb
Time is: 2019-05-02 11:09:41.657676 - worlddb
Time is: 2019-05-02 11:09:49.516781 - worlddb
Time is: 2019-05-02 11:10:11.892537 - worlddb
Time is: 2019-05-02 11:17:59.610415 - worlddb
Time is: 2019-05-02 11:18:06.611566 - worlddb
Time is: 2019-05-02 11:18:55.455867 - worlddb
Time is: 2019-05-02 11:19:56.954418 - worlddb
Time is: 2019-05-02 11:20:00.235653 - worlddb
Time is: 2019-05-02 11:20:27.313397 - worlddb
Time is: 2019-05-02 11:21:52.270359 - worlddb
Time is: 2019-05-02 11:22:20.985127 - worlddb
Time is: 2019-05-02 11:22:28.609863 - worlddb
Time is: 2019-05-02 11:23:36.173096 - worlddb
Time is: 2019-05-02 11:23:42.875989 - worlddb
Time is: 2019-05-02 11:24:14.032260 - worlddb
Time is: 2019-05-02 11:24:30.328706 - worlddb
Time is: 2019-05-02 11:26:36.986256 - worlddb
Time is: 2019-05-02 11:26:50.763641 - worlddb
Time is: 2019-05-02 11:27:02.857069 - worlddb
Time is: 2019-05-02 11:27:23.172833 - worlddb
Time is: 2019-05-02 11:27:44.235957 - worlddb
Time is: 2019-05-02 11:28:20.641579 - worlddb
Time is: 2019-05-02 11:28:29.313154 - worlddb
Time is: 2019-05-02 11:28:56.297984 - worlddb
Time is: 2019-05-02 11:29:02.797760 - worlddb
Time is: 2019-05-02 11:32:54.957882 - worlddb
Time is: 2019-05-02 11:33:18.129905 - worlddb
Time is: 2019-05-02 11:33:22.286011 - worlddb
Time is: 2019-05-02 11:34:17.267491 - worlddb
Time is: 2019-05-02 11:34:36.440250 - worlddb
Time is: 2019-05-02 11:34:47.674357 - worlddb
Time is: 2019-05-02 11:35:18.486382 - worlddb
Time is: 2019-05-02 11:36:22.158377 - worlddb
Time is: 2019-05-02 11:37:06.204874 - worlddb
Time is: 2019-05-02 11:37:19.173174 - worlddb
Time is: 2019-05-02 11:37:29.610312 - worlddb
Time is: 2019-05-02 11:37:44.907777 - worlddb
Time is: 2019-05-02 11:38:09.594831 - worlddb
Time is: 2019-05-02 11:38:30.719387 - worlddb
Time is: 2019-05-02 11:38:36.471728 - worlddb
Time is: 2019-05-02 11:49:55.281953 - worlddb
Time is: 2019-05-02 11:55:42.892939 - worlddb
Time is: 2019-05-02 11:57:29.806108 - worlddb
Time is: 2019-05-02 11:58:31.674662 - worlddb
Time is: 2019-05-02 11:59:04.020303 - worlddb
Time is: 2019-05-02 11:59:10.471670 - worlddb
Time is: 2019-05-02 11:59:22.299483 - worlddb
Time is: 2019-05-02 11:59:39.737615 - worlddb
Time is: 2019-05-02 12:00:46.106439 - worlddb
Time is: 2019-05-02 12:00:52.615599 - worlddb
Time is: 2019-05-02 12:01:12.238031 - worlddb
Time is: 2019-05-02 12:04:04.737749 - worlddb
Time is: 2019-05-02 12:04:31.260024 - worlddb
Time is: 2019-05-02 12:05:04.831186 - worlddb
Time is: 2019-05-13 11:39:59.885890 - countryinfo
Time is: 2019-05-13 11:46:30.481038 - countryinfo
Time is: 2019-05-13 11:46:43.010369 - countryinfo
Time is: 2019-05-13 11:53:50.070075 - countryinfo
Time is: 2019-05-13 11:54:12.427389 - countryinfo
Time is: 2019-05-13 11:54:19.846155 - countryinfo
Time is: 2019-05-13 11:54:25.465086 - countryinfo
Time is: 2019-05-13 11:54:29.314275 - countryinfo
Time is: 2019-05-13 11:54:37.387932 - countryinfo
Time is: 2019-05-13 11:55:03.767444 - countryinfo
Time is: 2019-05-13 11:55:32.915842 - countryinfo
Time is: 2019-05-13 11:58:29.199917 - countryinfo
Time is: 2019-05-13 11:58:49.317408 - countryinfo
Time is: 2019-05-13 12:00:52.891491 - countryinfo
Time is: 2019-05-13 12:01:09.407960 - countryinfo
Time is: 2019-05-13 12:11:48.628900 - countryinfo
Time is: 2019-05-13 12:11:55.162454 - countryinfo
Time is: 2019-05-13 12:44:20.317942 - countryinfo
Time is: 2019-05-13 12:44:36.044960 - countryinfo
Time is: 2019-05-13 12:48:09.049487 - countryinfo
Time is: 2019-05-13 12:48:29.338902 - countryinfo
Time is: 2019-05-13 12:48:37.517268 - countryinfo
Time is: 2019-05-13 12:49:07.416231 - countryinfo
Time is: 2019-05-13 12:49:29.589001 - countryinfo
Time is: 2019-05-13 12:50:17.323673 - countryinfo
Time is: 2019-05-13 12:53:09.761002 - countryinfo
